<?xml version="1.0" encoding="UTF-8"?>
<testng-results ignored="2" total="4" passed="2" failed="0" skipped="0">
  <reporter-output>
  </reporter-output>
  <suite started-at="2023-07-26T14:23:34 IST" name="Default suite" finished-at="2023-07-26T14:24:02 IST" duration-ms="27579">
    <groups>
    </groups>
    <test started-at="2023-07-26T14:23:34 IST" name="Default test" finished-at="2023-07-26T14:24:02 IST" duration-ms="27579">
      <class name="Final.Audios">
        <test-method is-config="true" signature="setup()[pri:0, instance:Final.Audios@4c583ecf]" started-at="2023-07-26T14:23:34 IST" name="setup" finished-at="2023-07-26T14:23:40 IST" duration-ms="5670" status="PASS">
          <reporter-output>
          </reporter-output>
        </test-method> <!-- setup -->
        <test-method signature="Audiospage()[pri:0, instance:Final.Audios@4c583ecf]" started-at="2023-07-26T14:23:40 IST" name="Audiospage" finished-at="2023-07-26T14:23:46 IST" duration-ms="5673" status="PASS">
          <reporter-output>
          </reporter-output>
        </test-method> <!-- Audiospage -->
        <test-method signature="Audiospage3filters()[pri:0, instance:Final.Audios@4c583ecf]" started-at="2023-07-26T14:23:46 IST" name="Audiospage3filters" finished-at="2023-07-26T14:24:01 IST" duration-ms="15472" status="PASS">
          <reporter-output>
          </reporter-output>
        </test-method> <!-- Audiospage3filters -->
        <test-method is-config="true" signature="teardown()[pri:0, instance:Final.Audios@4c583ecf]" started-at="2023-07-26T14:24:01 IST" name="teardown" finished-at="2023-07-26T14:24:02 IST" duration-ms="719" status="PASS">
          <reporter-output>
          </reporter-output>
        </test-method> <!-- teardown -->
      </class> <!-- Final.Audios -->
    </test> <!-- Default test -->
  </suite> <!-- Default suite -->
</testng-results>
