<?xml version="1.0" encoding="UTF-8"?>
<testng-results ignored="1" total="6" passed="5" failed="0" skipped="0">
  <reporter-output>
  </reporter-output>
  <suite started-at="2023-06-15T09:30:29 IST" name="Default suite" finished-at="2023-06-15T09:30:50 IST" duration-ms="21253">
    <groups>
    </groups>
    <test started-at="2023-06-15T09:30:29 IST" name="Default test" finished-at="2023-06-15T09:30:50 IST" duration-ms="21253">
      <class name="HomePageHeader">
        <test-method is-config="true" signature="launch()[pri:0, instance:HomePageHeader@5fdcaa40]" started-at="2023-06-15T09:30:29 IST" name="launch" finished-at="2023-06-15T09:30:31 IST" duration-ms="1836" status="PASS">
          <reporter-output>
          </reporter-output>
        </test-method> <!-- launch -->
        <test-method signature="HomePage1Title()[pri:0, instance:HomePageHeader@5fdcaa40]" started-at="2023-06-15T09:30:31 IST" name="HomePage1Title" finished-at="2023-06-15T09:30:35 IST" duration-ms="4277" status="PASS">
          <reporter-output>
          </reporter-output>
        </test-method> <!-- HomePage1Title -->
        <test-method signature="HomePage2Search()[pri:0, instance:HomePageHeader@5fdcaa40]" started-at="2023-06-15T09:30:35 IST" name="HomePage2Search" finished-at="2023-06-15T09:30:39 IST" duration-ms="3856" status="PASS">
          <reporter-output>
          </reporter-output>
        </test-method> <!-- HomePage2Search -->
        <test-method signature="HomePage4GoI()[pri:0, instance:HomePageHeader@5fdcaa40]" started-at="2023-06-15T09:30:39 IST" name="HomePage4GoI" finished-at="2023-06-15T09:30:44 IST" duration-ms="4858" status="PASS">
          <reporter-output>
          </reporter-output>
        </test-method> <!-- HomePage4GoI -->
        <test-method signature="HomePage5Skip()[pri:0, instance:HomePageHeader@5fdcaa40]" started-at="2023-06-15T09:30:44 IST" name="HomePage5Skip" finished-at="2023-06-15T09:30:46 IST" duration-ms="2111" status="PASS">
          <reporter-output>
          </reporter-output>
        </test-method> <!-- HomePage5Skip -->
        <test-method signature="HomePage6MenuButton()[pri:0, instance:HomePageHeader@5fdcaa40]" started-at="2023-06-15T09:30:46 IST" name="HomePage6MenuButton" finished-at="2023-06-15T09:30:50 IST" duration-ms="3763" status="PASS">
          <reporter-output>
          </reporter-output>
        </test-method> <!-- HomePage6MenuButton -->
        <test-method is-config="true" signature="close()[pri:0, instance:HomePageHeader@5fdcaa40]" started-at="2023-06-15T09:30:50 IST" name="close" finished-at="2023-06-15T09:30:50 IST" duration-ms="506" status="PASS">
          <reporter-output>
          </reporter-output>
        </test-method> <!-- close -->
      </class> <!-- HomePageHeader -->
    </test> <!-- Default test -->
  </suite> <!-- Default suite -->
</testng-results>
