<?xml version="1.0" encoding="UTF-8"?>
<!-- Generated by org.testng.reporters.JUnitXMLReporter -->
<testsuite ignored="2" hostname="DESKTOP-OPSU3GT" failures="0" tests="2" name="Default test" time="27.579" errors="0" timestamp="2023-07-26T14:24:02 IST">
  <testcase classname="Final.Audios" name="Audiospage" time="5.673"/>
  <testcase classname="Final.Audios" name="Audiospage3filters" time="15.472"/>
  <testcase classname="Final.Audios" name="Audiospage1subcat" time="0.0">
    <ignored/>
  </testcase> <!-- Audiospage1subcat -->
  <testcase classname="Final.Audios" name="Audiospage2subcat" time="0.0">
    <ignored/>
  </testcase> <!-- Audiospage2subcat -->
</testsuite> <!-- Default test -->
