<?xml version="1.0" encoding="UTF-8"?>
<!-- Generated by org.testng.reporters.JUnitXMLReporter -->
<testsuite ignored="1" hostname="DESKTOP-OPSU3GT" failures="0" tests="5" name="Default test" time="21.253" errors="0" timestamp="2023-06-15T09:30:50 IST">
  <testcase classname="HomePageHeader" name="HomePage1Title" time="4.277"/>
  <testcase classname="HomePageHeader" name="HomePage2Search" time="3.856"/>
  <testcase classname="HomePageHeader" name="HomePage4GoI" time="4.858"/>
  <testcase classname="HomePageHeader" name="HomePage5Skip" time="2.111"/>
  <testcase classname="HomePageHeader" name="HomePage6MenuButton" time="3.763"/>
  <testcase classname="HomePageHeader" name="testImageSlideshow" time="0.0">
    <ignored/>
  </testcase> <!-- testImageSlideshow -->
</testsuite> <!-- Default test -->
